<?xml version="1.0" encoding="UTF-8"?>
<!-- Generated by org.testng.reporters.JUnitXMLReporter -->
<testsuite hostname="LM-SJC-11013407" name="Command line test" tests="5" failures="0" timestamp="20 Oct 2018 01:07:20 GMT" time="32.678" errors="0">
  <testcase name="testcase01" time="10.558" classname="com.xero.test.XeroTests"/>
  <testcase name="testcase02" time="5.35" classname="com.xero.test.XeroTests"/>
  <testcase name="testcase03" time="4.518" classname="com.xero.test.XeroTests"/>
  <testcase name="testcase04" time="4.727" classname="com.xero.test.XeroTests"/>
  <testcase name="testcase05" time="7.514" classname="com.xero.test.XeroTests"/>
</testsuite> <!-- Command line test -->
