<?xml version="1.0" encoding="UTF-8"?>
<testng-results skipped="0" failed="0" ignored="12" total="13" passed="1">
  <reporter-output>
  </reporter-output>
  <suite name="Default suite" duration-ms="12542" started-at="2018-10-20T17:18:55Z" finished-at="2018-10-20T17:19:07Z">
    <groups>
      <group name="LOGIN">
        <method signature="XeroTests.testcase13()[pri:0, instance:com.xero.test.XeroTests@66a3ffec]" name="testcase13" class="com.xero.test.XeroTests"/>
      </group> <!-- LOGIN -->
    </groups>
    <test name="Default test" duration-ms="12542" started-at="2018-10-20T17:18:55Z" finished-at="2018-10-20T17:19:07Z">
      <class name="com.xero.test.XeroTests">
        <test-method status="PASS" signature="testcase13()[pri:0, instance:com.xero.test.XeroTests@66a3ffec]" name="testcase13" duration-ms="12526" started-at="2018-10-20T17:18:55Z" finished-at="2018-10-20T17:19:07Z">
          <reporter-output>
          </reporter-output>
        </test-method> <!-- testcase13 -->
      </class> <!-- com.xero.test.XeroTests -->
    </test> <!-- Default test -->
  </suite> <!-- Default suite -->
</testng-results>
