<?xml version="1.0" encoding="UTF-8"?>
<!-- Generated by org.testng.reporters.JUnitXMLReporter -->
<testsuite hostname="LM-SJC-11013407" ignored="4" name="XeroTests" tests="1" failures="0" timestamp="20 Oct 2018 01:19:29 GMT" time="9.094" errors="0">
  <testcase name="testcase05" time="9.072" classname="com.xero.test.XeroTests"/>
  <testcase name="testcase02" time="0.0" classname="com.xero.test.XeroTests">
    <ignored/>
  </testcase> <!-- testcase02 -->
  <testcase name="testcase04" time="0.0" classname="com.xero.test.XeroTests">
    <ignored/>
  </testcase> <!-- testcase04 -->
  <testcase name="testcase01" time="0.0" classname="com.xero.test.XeroTests">
    <ignored/>
  </testcase> <!-- testcase01 -->
  <testcase name="testcase03" time="0.0" classname="com.xero.test.XeroTests">
    <ignored/>
  </testcase> <!-- testcase03 -->
</testsuite> <!-- XeroTests -->
