<?xml version="1.0" encoding="UTF-8"?>
<!-- Generated by org.testng.reporters.JUnitXMLReporter -->
<testsuite hostname="LM-SJC-11013407" ignored="12" name="Default test" tests="1" failures="0" timestamp="20 Oct 2018 17:19:07 GMT" time="12.542" errors="0">
  <testcase name="testcase13" time="12.526" classname="com.xero.test.XeroTests"/>
  <testcase name="testcase02" time="0.0" classname="com.xero.test.XeroTests">
    <ignored/>
  </testcase> <!-- testcase02 -->
  <testcase name="testcase05" time="0.0" classname="com.xero.test.XeroTests">
    <ignored/>
  </testcase> <!-- testcase05 -->
  <testcase name="testcase04" time="0.0" classname="com.xero.test.XeroTests">
    <ignored/>
  </testcase> <!-- testcase04 -->
  <testcase name="testcase10" time="0.0" classname="com.xero.test.XeroTests">
    <ignored/>
  </testcase> <!-- testcase10 -->
  <testcase name="testcase01" time="0.0" classname="com.xero.test.XeroTests">
    <ignored/>
  </testcase> <!-- testcase01 -->
  <testcase name="testcase12" time="0.0" classname="com.xero.test.XeroTests">
    <ignored/>
  </testcase> <!-- testcase12 -->
  <testcase name="testcase11" time="0.0" classname="com.xero.test.XeroTests">
    <ignored/>
  </testcase> <!-- testcase11 -->
  <testcase name="testcase07" time="0.0" classname="com.xero.test.XeroTests">
    <ignored/>
  </testcase> <!-- testcase07 -->
  <testcase name="testcase06" time="0.0" classname="com.xero.test.XeroTests">
    <ignored/>
  </testcase> <!-- testcase06 -->
  <testcase name="testcase09" time="0.0" classname="com.xero.test.XeroTests">
    <ignored/>
  </testcase> <!-- testcase09 -->
  <testcase name="testcase08" time="0.0" classname="com.xero.test.XeroTests">
    <ignored/>
  </testcase> <!-- testcase08 -->
  <testcase name="testcase03" time="0.0" classname="com.xero.test.XeroTests">
    <ignored/>
  </testcase> <!-- testcase03 -->
</testsuite> <!-- Default test -->
